[debug] [2025-07-28T14:28:08.157Z] ----------------------------------------------------------------------
[debug] [2025-07-28T14:28:08.160Z] Command:       C:\Program Files\nodejs\node.exe C:\Users\marte\AppData\Roaming\npm\node_modules\firebase-tools\lib\bin\firebase.js init hosting
[debug] [2025-07-28T14:28:08.160Z] CLI Version:   14.11.1
[debug] [2025-07-28T14:28:08.160Z] Platform:      win32
[debug] [2025-07-28T14:28:08.160Z] Node Version:  v22.14.0
[debug] [2025-07-28T14:28:08.161Z] Time:          Mon Jul 28 2025 10:28:08 GMT-0400 (Eastern Daylight Time)
[debug] [2025-07-28T14:28:08.161Z] ----------------------------------------------------------------------
[debug] 
[debug] [2025-07-28T14:28:08.166Z] > command requires scopes: ["email","openid","https://www.googleapis.com/auth/cloudplatformprojects.readonly","https://www.googleapis.com/auth/firebase","https://www.googleapis.com/auth/cloud-platform"]
[debug] [2025-07-28T14:28:08.167Z] > authorizing via signed-in user (martevitts@gmail.com)
[info] 
     ######## #### ########  ######## ########     ###     ######  ########
     ##        ##  ##     ## ##       ##     ##  ##   ##  ##       ##
     ######    ##  ########  ######   ########  #########  ######  ######
     ##        ##  ##    ##  ##       ##     ## ##     ##       ## ##
     ##       #### ##     ## ######## ########  ##     ##  ######  ########

You're about to initialize a Firebase project in this directory:

  C:\Users\marte\OneDrive\Desktop\Nueva_carpeta\Python\agents\repo_comparer

[info] 
=== Project Setup
[info] 
[info] First, let's associate this project directory with a Firebase project.
[info] You can create multiple project aliases by running firebase use --add, 
[info] but for now we'll just set up a default project.
[info] 
[debug] [2025-07-28T14:28:10.962Z] Checked if tokens are valid: true, expires at: 1753715682186
[debug] [2025-07-28T14:28:10.962Z] Checked if tokens are valid: true, expires at: 1753715682186
[debug] [2025-07-28T14:28:10.964Z] >>> [apiv2][query] GET https://firebase.googleapis.com/v1beta1/availableProjects pageSize=100
[debug] [2025-07-28T14:28:11.769Z] <<< [apiv2][status] GET https://firebase.googleapis.com/v1beta1/availableProjects 200
[debug] [2025-07-28T14:28:11.769Z] <<< [apiv2][body] GET https://firebase.googleapis.com/v1beta1/availableProjects [omitted]
[debug] [2025-07-28T14:48:25.521Z] ----------------------------------------------------------------------
[debug] [2025-07-28T14:48:25.532Z] Command:       C:\Program Files\nodejs\node.exe C:\Users\marte\AppData\Roaming\npm\node_modules\firebase-tools\lib\bin\firebase.js init hosting
[debug] [2025-07-28T14:48:25.532Z] CLI Version:   14.11.1
[debug] [2025-07-28T14:48:25.532Z] Platform:      win32
[debug] [2025-07-28T14:48:25.533Z] Node Version:  v22.14.0
[debug] [2025-07-28T14:48:25.533Z] Time:          Mon Jul 28 2025 10:48:25 GMT-0400 (Eastern Daylight Time)
[debug] [2025-07-28T14:48:25.534Z] ----------------------------------------------------------------------
[debug] 
[debug] [2025-07-28T14:48:25.543Z] > command requires scopes: ["email","openid","https://www.googleapis.com/auth/cloudplatformprojects.readonly","https://www.googleapis.com/auth/firebase","https://www.googleapis.com/auth/cloud-platform"]
[debug] [2025-07-28T14:48:25.544Z] > authorizing via signed-in user (martevitts@gmail.com)
[info] 
     ######## #### ########  ######## ########     ###     ######  ########
     ##        ##  ##     ## ##       ##     ##  ##   ##  ##       ##
     ######    ##  ########  ######   ########  #########  ######  ######
     ##        ##  ##    ##  ##       ##     ## ##     ##       ## ##
     ##       #### ##     ## ######## ########  ##     ##  ######  ########

You're about to initialize a Firebase project in this directory:

  C:\Users\marte\OneDrive\Desktop\Nueva_carpeta\Python\agents\repo_comparer

[info] 
=== Project Setup
[info] 
[info] First, let's associate this project directory with a Firebase project.
[info] You can create multiple project aliases by running firebase use --add, 
[info] but for now we'll just set up a default project.
[info] 
[debug] [2025-07-28T14:48:34.997Z] Checked if tokens are valid: true, expires at: 1753715682186
[debug] [2025-07-28T14:48:34.997Z] Checked if tokens are valid: true, expires at: 1753715682186
[debug] [2025-07-28T14:48:34.998Z] >>> [apiv2][query] GET https://firebase.googleapis.com/v1beta1/projects pageSize=100
[debug] [2025-07-28T14:48:35.677Z] <<< [apiv2][status] GET https://firebase.googleapis.com/v1beta1/projects 200
[debug] [2025-07-28T14:48:35.677Z] <<< [apiv2][body] GET https://firebase.googleapis.com/v1beta1/projects [omitted]
[debug] [2025-07-28T14:48:47.094Z] ExitPromptError: User force closed the prompt with SIGINT
    at Interface.sigint (C:\Users\marte\AppData\Roaming\npm\node_modules\firebase-tools\node_modules\@inquirer\core\dist\commonjs\lib\create-prompt.js:101:37)
    at Interface.emit (node:events:518:28)
    at Interface.emit (node:domain:489:12)
    at [_ttyWrite] [as _ttyWrite] (node:internal/readline/interface:1124:18)
    at ReadStream.onkeypress (node:internal/readline/interface:263:20)
    at ReadStream.emit (node:events:530:35)
    at ReadStream.emit (node:domain:489:12)
    at emitKeys (node:internal/readline/utils:370:14)
    at emitKeys.next (<anonymous>)
    at ReadStream.onData (node:internal/readline/emitKeypressEvents:64:36)
[error] 
[error] Error: An unexpected error has occurred.
[debug] [2025-07-28T14:48:52.400Z] ----------------------------------------------------------------------
[debug] [2025-07-28T14:48:52.403Z] Command:       C:\Program Files\nodejs\node.exe C:\Users\marte\AppData\Roaming\npm\node_modules\firebase-tools\lib\bin\firebase.js init hosting
[debug] [2025-07-28T14:48:52.403Z] CLI Version:   14.11.1
[debug] [2025-07-28T14:48:52.404Z] Platform:      win32
[debug] [2025-07-28T14:48:52.404Z] Node Version:  v22.14.0
[debug] [2025-07-28T14:48:52.404Z] Time:          Mon Jul 28 2025 10:48:52 GMT-0400 (Eastern Daylight Time)
[debug] [2025-07-28T14:48:52.404Z] ----------------------------------------------------------------------
[debug] 
[debug] [2025-07-28T14:48:52.411Z] > command requires scopes: ["email","openid","https://www.googleapis.com/auth/cloudplatformprojects.readonly","https://www.googleapis.com/auth/firebase","https://www.googleapis.com/auth/cloud-platform"]
[debug] [2025-07-28T14:48:52.411Z] > authorizing via signed-in user (martevitts@gmail.com)
[info] 
     ######## #### ########  ######## ########     ###     ######  ########
     ##        ##  ##     ## ##       ##     ##  ##   ##  ##       ##
     ######    ##  ########  ######   ########  #########  ######  ######
     ##        ##  ##    ##  ##       ##     ## ##     ##       ## ##
     ##       #### ##     ## ######## ########  ##     ##  ######  ########

You're about to initialize a Firebase project in this directory:

  C:\Users\marte\OneDrive\Desktop\Nueva_carpeta\Python\agents\repo_comparer

[info] 
=== Project Setup
[info] 
[info] First, let's associate this project directory with a Firebase project.
[info] You can create multiple project aliases by running firebase use --add, 
[info] but for now we'll just set up a default project.
[info] 
[debug] [2025-07-28T14:48:55.489Z] Checked if tokens are valid: true, expires at: 1753715682186
[debug] [2025-07-28T14:48:55.490Z] Checked if tokens are valid: true, expires at: 1753715682186
[debug] [2025-07-28T14:48:55.491Z] >>> [apiv2][query] GET https://firebase.googleapis.com/v1beta1/availableProjects pageSize=100
[debug] [2025-07-28T14:48:56.188Z] <<< [apiv2][status] GET https://firebase.googleapis.com/v1beta1/availableProjects 200
[debug] [2025-07-28T14:48:56.188Z] <<< [apiv2][body] GET https://firebase.googleapis.com/v1beta1/availableProjects [omitted]
[debug] [2025-07-28T14:49:00.192Z] ExitPromptError: User force closed the prompt with SIGINT
    at Interface.sigint (C:\Users\marte\AppData\Roaming\npm\node_modules\firebase-tools\node_modules\@inquirer\core\dist\commonjs\lib\create-prompt.js:101:37)
    at Interface.emit (node:events:518:28)
    at Interface.emit (node:domain:489:12)
    at [_ttyWrite] [as _ttyWrite] (node:internal/readline/interface:1124:18)
    at ReadStream.onkeypress (node:internal/readline/interface:263:20)
    at ReadStream.emit (node:events:530:35)
    at ReadStream.emit (node:domain:489:12)
    at emitKeys (node:internal/readline/utils:370:14)
    at emitKeys.next (<anonymous>)
    at ReadStream.onData (node:internal/readline/emitKeypressEvents:64:36)
[error] 
[error] Error: An unexpected error has occurred.
